<?xml version="1.0" encoding="UTF-8"?>
<!-- Generated by org.testng.reporters.JUnitReportReporter -->
<testsuite hostname="CH102055" name="com.getRequest.GetData" tests="4" failures="0" timestamp="25 Mar 2019 22:23:18 GMT" time="3.789" errors="0">
  <testcase name="getActiveUsers" time="2.758" classname="com.getRequest.GetData"/>
  <testcase name="getResponseBody" time="0.470" classname="com.getRequest.GetData"/>
  <testcase name="getUserProjects" time="0.265" classname="com.getRequest.GetData"/>
  <testcase name="getResponseData" time="0.296" classname="com.getRequest.GetData"/>
</testsuite> <!-- com.getRequest.GetData -->
