<?xml version="1.0" encoding="UTF-8"?>
<!-- Generated by org.testng.reporters.JUnitReportReporter -->
<testsuite hostname="CH102055" name="com.getRequest.PostData" tests="1" failures="0" timestamp="25 Mar 2019 22:50:03 GMT" time="2.842" errors="0">
  <testcase name="test1" time="2.842" classname="com.getRequest.PostData"/>
</testsuite> <!-- com.getRequest.PostData -->
